2020-01-15 13:04:25,535 INFO [restartedMain] c.n.c.CommunityApplication [StartupInfoLogger.java:55] Starting CommunityApplication on chenhao with PID 7955 (/home/chenhao/IdeaProjects/community/target/classes started by chenhao in /home/chenhao/IdeaProjects/community)
2020-01-15 13:04:25,557 INFO [restartedMain] c.n.c.CommunityApplication [SpringApplication.java:651] No active profile set, falling back to default profiles: default
2020-01-15 13:04:25,643 INFO [restartedMain] o.s.b.d.e.DevToolsPropertyDefaultsPostProcessor [DeferredLog.java:225] Devtools property defaults active! Set 'spring.devtools.add-properties' to 'false' to disable
2020-01-15 13:04:25,646 INFO [restartedMain] o.s.b.d.e.DevToolsPropertyDefaultsPostProcessor [DeferredLog.java:225] For additional web related logging consider setting the 'logging.level.web' property to 'DEBUG'
2020-01-15 13:04:26,853 INFO [restartedMain] o.s.b.w.e.t.TomcatWebServer [TomcatWebServer.java:92] Tomcat initialized with port(s): 8080 (http)
2020-01-15 13:04:26,861 INFO [restartedMain] o.a.c.h.Http11NioProtocol [DirectJDKLog.java:173] Initializing ProtocolHandler ["http-nio-8080"]
2020-01-15 13:04:26,862 INFO [restartedMain] o.a.c.c.StandardService [DirectJDKLog.java:173] Starting service [Tomcat]
2020-01-15 13:04:26,862 INFO [restartedMain] o.a.c.c.StandardEngine [DirectJDKLog.java:173] Starting Servlet engine: [Apache Tomcat/9.0.29]
2020-01-15 13:04:26,919 INFO [restartedMain] o.a.c.c.C.[.[.[/community] [DirectJDKLog.java:173] Initializing Spring embedded WebApplicationContext
2020-01-15 13:04:26,919 INFO [restartedMain] o.s.w.c.ContextLoader [ServletWebServerApplicationContext.java:284] Root WebApplicationContext: initialization completed in 1270 ms
2020-01-15 13:04:27,334 INFO [restartedMain] o.s.s.c.ThreadPoolTaskExecutor [ExecutorConfigurationSupport.java:171] Initializing ExecutorService 'applicationTaskExecutor'
2020-01-15 13:04:27,383 INFO [restartedMain] o.s.b.a.w.s.WelcomePageHandlerMapping [WelcomePageHandlerMapping.java:58] Adding welcome page template: index
2020-01-15 13:04:27,496 INFO [restartedMain] o.s.b.d.a.OptionalLiveReloadServer [OptionalLiveReloadServer.java:58] LiveReload server is running on port 35729
2020-01-15 13:04:27,525 INFO [restartedMain] o.a.c.h.Http11NioProtocol [DirectJDKLog.java:173] Starting ProtocolHandler ["http-nio-8080"]
2020-01-15 13:04:27,543 INFO [restartedMain] o.s.b.w.e.t.TomcatWebServer [TomcatWebServer.java:204] Tomcat started on port(s): 8080 (http) with context path '/community'
2020-01-15 13:04:27,548 INFO [restartedMain] c.n.c.CommunityApplication [StartupInfoLogger.java:61] Started CommunityApplication in 3.004 seconds (JVM running for 4.813)
2020-01-15 13:04:47,793 INFO [http-nio-8080-exec-1] o.a.c.c.C.[.[.[/community] [DirectJDKLog.java:173] Initializing Spring DispatcherServlet 'dispatcherServlet'
2020-01-15 13:04:47,793 INFO [http-nio-8080-exec-1] o.s.w.s.DispatcherServlet [FrameworkServlet.java:525] Initializing Servlet 'dispatcherServlet'
2020-01-15 13:04:47,803 INFO [http-nio-8080-exec-1] o.s.w.s.DispatcherServlet [FrameworkServlet.java:547] Completed initialization in 9 ms
2020-01-15 13:05:20,678 INFO [SpringContextShutdownHook] o.s.s.c.ThreadPoolTaskExecutor [ExecutorConfigurationSupport.java:208] Shutting down ExecutorService 'applicationTaskExecutor'
2020-01-15 13:05:26,662 INFO [restartedMain] c.n.c.CommunityApplication [StartupInfoLogger.java:55] Starting CommunityApplication on chenhao with PID 8078 (/home/chenhao/IdeaProjects/community/target/classes started by chenhao in /home/chenhao/IdeaProjects/community)
2020-01-15 13:05:26,668 INFO [restartedMain] c.n.c.CommunityApplication [SpringApplication.java:651] No active profile set, falling back to default profiles: default
2020-01-15 13:05:26,738 INFO [restartedMain] o.s.b.d.e.DevToolsPropertyDefaultsPostProcessor [DeferredLog.java:225] Devtools property defaults active! Set 'spring.devtools.add-properties' to 'false' to disable
2020-01-15 13:05:26,739 INFO [restartedMain] o.s.b.d.e.DevToolsPropertyDefaultsPostProcessor [DeferredLog.java:225] For additional web related logging consider setting the 'logging.level.web' property to 'DEBUG'
2020-01-15 13:05:28,655 INFO [restartedMain] o.s.b.w.e.t.TomcatWebServer [TomcatWebServer.java:92] Tomcat initialized with port(s): 8080 (http)
2020-01-15 13:05:28,666 INFO [restartedMain] o.a.c.h.Http11NioProtocol [DirectJDKLog.java:173] Initializing ProtocolHandler ["http-nio-8080"]
2020-01-15 13:05:28,667 INFO [restartedMain] o.a.c.c.StandardService [DirectJDKLog.java:173] Starting service [Tomcat]
2020-01-15 13:05:28,668 INFO [restartedMain] o.a.c.c.StandardEngine [DirectJDKLog.java:173] Starting Servlet engine: [Apache Tomcat/9.0.29]
2020-01-15 13:05:28,737 INFO [restartedMain] o.a.c.c.C.[.[.[/community] [DirectJDKLog.java:173] Initializing Spring embedded WebApplicationContext
2020-01-15 13:05:28,738 INFO [restartedMain] o.s.w.c.ContextLoader [ServletWebServerApplicationContext.java:284] Root WebApplicationContext: initialization completed in 1998 ms
2020-01-15 13:05:29,282 INFO [restartedMain] o.s.s.c.ThreadPoolTaskExecutor [ExecutorConfigurationSupport.java:171] Initializing ExecutorService 'applicationTaskExecutor'
2020-01-15 13:05:29,347 INFO [restartedMain] o.s.b.a.w.s.WelcomePageHandlerMapping [WelcomePageHandlerMapping.java:58] Adding welcome page template: index
2020-01-15 13:05:29,476 INFO [restartedMain] o.s.b.d.a.OptionalLiveReloadServer [OptionalLiveReloadServer.java:58] LiveReload server is running on port 35729
2020-01-15 13:05:29,512 INFO [restartedMain] o.a.c.h.Http11NioProtocol [DirectJDKLog.java:173] Starting ProtocolHandler ["http-nio-8080"]
2020-01-15 13:05:29,551 INFO [restartedMain] o.s.b.w.e.t.TomcatWebServer [TomcatWebServer.java:204] Tomcat started on port(s): 8080 (http) with context path '/community'
2020-01-15 13:05:29,555 INFO [restartedMain] c.n.c.CommunityApplication [StartupInfoLogger.java:61] Started CommunityApplication in 3.703 seconds (JVM running for 5.035)
2020-01-15 13:05:39,383 INFO [http-nio-8080-exec-1] o.a.c.c.C.[.[.[/community] [DirectJDKLog.java:173] Initializing Spring DispatcherServlet 'dispatcherServlet'
2020-01-15 13:05:39,384 INFO [http-nio-8080-exec-1] o.s.w.s.DispatcherServlet [FrameworkServlet.java:525] Initializing Servlet 'dispatcherServlet'
2020-01-15 13:05:39,390 INFO [http-nio-8080-exec-1] o.s.w.s.DispatcherServlet [FrameworkServlet.java:547] Completed initialization in 6 ms
2020-01-15 13:06:09,180 INFO [SpringContextShutdownHook] o.s.s.c.ThreadPoolTaskExecutor [ExecutorConfigurationSupport.java:208] Shutting down ExecutorService 'applicationTaskExecutor'
2020-01-15 13:06:14,226 INFO [restartedMain] c.n.c.CommunityApplication [StartupInfoLogger.java:55] Starting CommunityApplication on chenhao with PID 8203 (/home/chenhao/IdeaProjects/community/target/classes started by chenhao in /home/chenhao/IdeaProjects/community)
2020-01-15 13:06:14,235 INFO [restartedMain] c.n.c.CommunityApplication [SpringApplication.java:651] No active profile set, falling back to default profiles: default
2020-01-15 13:06:14,301 INFO [restartedMain] o.s.b.d.e.DevToolsPropertyDefaultsPostProcessor [DeferredLog.java:225] Devtools property defaults active! Set 'spring.devtools.add-properties' to 'false' to disable
2020-01-15 13:06:14,302 INFO [restartedMain] o.s.b.d.e.DevToolsPropertyDefaultsPostProcessor [DeferredLog.java:225] For additional web related logging consider setting the 'logging.level.web' property to 'DEBUG'
2020-01-15 13:06:15,895 INFO [restartedMain] o.s.b.w.e.t.TomcatWebServer [TomcatWebServer.java:92] Tomcat initialized with port(s): 8080 (http)
2020-01-15 13:06:15,904 INFO [restartedMain] o.a.c.h.Http11NioProtocol [DirectJDKLog.java:173] Initializing ProtocolHandler ["http-nio-8080"]
2020-01-15 13:06:15,905 INFO [restartedMain] o.a.c.c.StandardService [DirectJDKLog.java:173] Starting service [Tomcat]
2020-01-15 13:06:15,906 INFO [restartedMain] o.a.c.c.StandardEngine [DirectJDKLog.java:173] Starting Servlet engine: [Apache Tomcat/9.0.29]
2020-01-15 13:06:15,977 INFO [restartedMain] o.a.c.c.C.[.[.[/community] [DirectJDKLog.java:173] Initializing Spring embedded WebApplicationContext
2020-01-15 13:06:15,977 INFO [restartedMain] o.s.w.c.ContextLoader [ServletWebServerApplicationContext.java:284] Root WebApplicationContext: initialization completed in 1674 ms
2020-01-15 13:06:16,456 INFO [restartedMain] o.s.s.c.ThreadPoolTaskExecutor [ExecutorConfigurationSupport.java:171] Initializing ExecutorService 'applicationTaskExecutor'
2020-01-15 13:06:16,520 INFO [restartedMain] o.s.b.a.w.s.WelcomePageHandlerMapping [WelcomePageHandlerMapping.java:58] Adding welcome page template: index
2020-01-15 13:06:16,686 INFO [restartedMain] o.s.b.d.a.OptionalLiveReloadServer [OptionalLiveReloadServer.java:58] LiveReload server is running on port 35729
2020-01-15 13:06:16,718 INFO [restartedMain] o.a.c.h.Http11NioProtocol [DirectJDKLog.java:173] Starting ProtocolHandler ["http-nio-8080"]
2020-01-15 13:06:16,737 INFO [restartedMain] o.s.b.w.e.t.TomcatWebServer [TomcatWebServer.java:204] Tomcat started on port(s): 8080 (http) with context path '/community'
2020-01-15 13:06:16,742 INFO [restartedMain] c.n.c.CommunityApplication [StartupInfoLogger.java:61] Started CommunityApplication in 3.339 seconds (JVM running for 4.538)
2020-01-15 13:06:19,430 INFO [http-nio-8080-exec-1] o.a.c.c.C.[.[.[/community] [DirectJDKLog.java:173] Initializing Spring DispatcherServlet 'dispatcherServlet'
2020-01-15 13:06:19,431 INFO [http-nio-8080-exec-1] o.s.w.s.DispatcherServlet [FrameworkServlet.java:525] Initializing Servlet 'dispatcherServlet'
2020-01-15 13:06:19,437 INFO [http-nio-8080-exec-1] o.s.w.s.DispatcherServlet [FrameworkServlet.java:547] Completed initialization in 6 ms
2020-01-15 13:08:39,429 INFO [SpringContextShutdownHook] o.s.s.c.ThreadPoolTaskExecutor [ExecutorConfigurationSupport.java:208] Shutting down ExecutorService 'applicationTaskExecutor'
2020-01-15 13:08:44,427 INFO [restartedMain] c.n.c.CommunityApplication [StartupInfoLogger.java:55] Starting CommunityApplication on chenhao with PID 8421 (/home/chenhao/IdeaProjects/community/target/classes started by chenhao in /home/chenhao/IdeaProjects/community)
2020-01-15 13:08:44,433 INFO [restartedMain] c.n.c.CommunityApplication [SpringApplication.java:651] No active profile set, falling back to default profiles: default
2020-01-15 13:08:44,496 INFO [restartedMain] o.s.b.d.e.DevToolsPropertyDefaultsPostProcessor [DeferredLog.java:225] Devtools property defaults active! Set 'spring.devtools.add-properties' to 'false' to disable
2020-01-15 13:08:44,497 INFO [restartedMain] o.s.b.d.e.DevToolsPropertyDefaultsPostProcessor [DeferredLog.java:225] For additional web related logging consider setting the 'logging.level.web' property to 'DEBUG'
2020-01-15 13:08:45,981 INFO [restartedMain] o.s.b.w.e.t.TomcatWebServer [TomcatWebServer.java:92] Tomcat initialized with port(s): 8080 (http)
2020-01-15 13:08:45,990 INFO [restartedMain] o.a.c.h.Http11NioProtocol [DirectJDKLog.java:173] Initializing ProtocolHandler ["http-nio-8080"]
2020-01-15 13:08:45,991 INFO [restartedMain] o.a.c.c.StandardService [DirectJDKLog.java:173] Starting service [Tomcat]
2020-01-15 13:08:45,992 INFO [restartedMain] o.a.c.c.StandardEngine [DirectJDKLog.java:173] Starting Servlet engine: [Apache Tomcat/9.0.29]
2020-01-15 13:08:46,062 INFO [restartedMain] o.a.c.c.C.[.[.[/community] [DirectJDKLog.java:173] Initializing Spring embedded WebApplicationContext
2020-01-15 13:08:46,062 INFO [restartedMain] o.s.w.c.ContextLoader [ServletWebServerApplicationContext.java:284] Root WebApplicationContext: initialization completed in 1564 ms
2020-01-15 13:08:46,573 INFO [restartedMain] o.s.s.c.ThreadPoolTaskExecutor [ExecutorConfigurationSupport.java:171] Initializing ExecutorService 'applicationTaskExecutor'
2020-01-15 13:08:46,631 INFO [restartedMain] o.s.b.a.w.s.WelcomePageHandlerMapping [WelcomePageHandlerMapping.java:58] Adding welcome page template: index
2020-01-15 13:08:46,807 INFO [restartedMain] o.s.b.d.a.OptionalLiveReloadServer [OptionalLiveReloadServer.java:58] LiveReload server is running on port 35729
2020-01-15 13:08:46,850 INFO [restartedMain] o.a.c.h.Http11NioProtocol [DirectJDKLog.java:173] Starting ProtocolHandler ["http-nio-8080"]
2020-01-15 13:08:46,873 INFO [restartedMain] o.s.b.w.e.t.TomcatWebServer [TomcatWebServer.java:204] Tomcat started on port(s): 8080 (http) with context path '/community'
2020-01-15 13:08:46,878 INFO [restartedMain] c.n.c.CommunityApplication [StartupInfoLogger.java:61] Started CommunityApplication in 3.357 seconds (JVM running for 4.503)
2020-01-15 13:09:00,456 INFO [http-nio-8080-exec-1] o.a.c.c.C.[.[.[/community] [DirectJDKLog.java:173] Initializing Spring DispatcherServlet 'dispatcherServlet'
2020-01-15 13:09:00,457 INFO [http-nio-8080-exec-1] o.s.w.s.DispatcherServlet [FrameworkServlet.java:525] Initializing Servlet 'dispatcherServlet'
2020-01-15 13:09:00,466 INFO [http-nio-8080-exec-1] o.s.w.s.DispatcherServlet [FrameworkServlet.java:547] Completed initialization in 8 ms
2020-01-15 13:11:13,778 INFO [SpringContextShutdownHook] o.s.s.c.ThreadPoolTaskExecutor [ExecutorConfigurationSupport.java:208] Shutting down ExecutorService 'applicationTaskExecutor'
2020-01-15 13:11:18,300 INFO [restartedMain] c.n.c.CommunityApplication [StartupInfoLogger.java:55] Starting CommunityApplication on chenhao with PID 8719 (/home/chenhao/IdeaProjects/community/target/classes started by chenhao in /home/chenhao/IdeaProjects/community)
2020-01-15 13:11:18,306 INFO [restartedMain] c.n.c.CommunityApplication [SpringApplication.java:651] No active profile set, falling back to default profiles: default
2020-01-15 13:11:18,392 INFO [restartedMain] o.s.b.d.e.DevToolsPropertyDefaultsPostProcessor [DeferredLog.java:225] Devtools property defaults active! Set 'spring.devtools.add-properties' to 'false' to disable
2020-01-15 13:11:18,393 INFO [restartedMain] o.s.b.d.e.DevToolsPropertyDefaultsPostProcessor [DeferredLog.java:225] For additional web related logging consider setting the 'logging.level.web' property to 'DEBUG'
2020-01-15 13:11:20,026 INFO [restartedMain] o.s.b.w.e.t.TomcatWebServer [TomcatWebServer.java:92] Tomcat initialized with port(s): 8080 (http)
2020-01-15 13:11:20,047 INFO [restartedMain] o.a.c.h.Http11NioProtocol [DirectJDKLog.java:173] Initializing ProtocolHandler ["http-nio-8080"]
2020-01-15 13:11:20,049 INFO [restartedMain] o.a.c.c.StandardService [DirectJDKLog.java:173] Starting service [Tomcat]
2020-01-15 13:11:20,053 INFO [restartedMain] o.a.c.c.StandardEngine [DirectJDKLog.java:173] Starting Servlet engine: [Apache Tomcat/9.0.29]
2020-01-15 13:11:20,142 INFO [restartedMain] o.a.c.c.C.[.[.[/community] [DirectJDKLog.java:173] Initializing Spring embedded WebApplicationContext
2020-01-15 13:11:20,143 INFO [restartedMain] o.s.w.c.ContextLoader [ServletWebServerApplicationContext.java:284] Root WebApplicationContext: initialization completed in 1750 ms
2020-01-15 13:11:21,020 INFO [restartedMain] o.s.s.c.ThreadPoolTaskExecutor [ExecutorConfigurationSupport.java:171] Initializing ExecutorService 'applicationTaskExecutor'
2020-01-15 13:11:21,098 INFO [restartedMain] o.s.b.a.w.s.WelcomePageHandlerMapping [WelcomePageHandlerMapping.java:58] Adding welcome page template: index
2020-01-15 13:11:21,220 INFO [restartedMain] o.s.b.d.a.OptionalLiveReloadServer [OptionalLiveReloadServer.java:58] LiveReload server is running on port 35729
2020-01-15 13:11:21,248 INFO [restartedMain] o.a.c.h.Http11NioProtocol [DirectJDKLog.java:173] Starting ProtocolHandler ["http-nio-8080"]
2020-01-15 13:11:21,265 INFO [restartedMain] o.s.b.w.e.t.TomcatWebServer [TomcatWebServer.java:204] Tomcat started on port(s): 8080 (http) with context path '/community'
2020-01-15 13:11:21,270 INFO [restartedMain] c.n.c.CommunityApplication [StartupInfoLogger.java:61] Started CommunityApplication in 3.953 seconds (JVM running for 5.289)
2020-01-15 13:11:21,500 INFO [http-nio-8080-exec-1] o.a.c.c.C.[.[.[/community] [DirectJDKLog.java:173] Initializing Spring DispatcherServlet 'dispatcherServlet'
2020-01-15 13:11:21,500 INFO [http-nio-8080-exec-1] o.s.w.s.DispatcherServlet [FrameworkServlet.java:525] Initializing Servlet 'dispatcherServlet'
2020-01-15 13:11:21,509 INFO [http-nio-8080-exec-1] o.s.w.s.DispatcherServlet [FrameworkServlet.java:547] Completed initialization in 8 ms
2020-01-15 16:53:32,550 INFO [Thread-5] o.s.s.c.ThreadPoolTaskExecutor [ExecutorConfigurationSupport.java:208] Shutting down ExecutorService 'applicationTaskExecutor'
2020-01-15 16:53:32,913 INFO [restartedMain] c.n.c.CommunityApplication [StartupInfoLogger.java:55] Starting CommunityApplication on chenhao with PID 8719 (/home/chenhao/IdeaProjects/community/target/classes started by chenhao in /home/chenhao/IdeaProjects/community)
2020-01-15 16:53:32,917 INFO [restartedMain] c.n.c.CommunityApplication [SpringApplication.java:651] No active profile set, falling back to default profiles: default
2020-01-15 16:53:34,157 INFO [restartedMain] o.s.b.w.e.t.TomcatWebServer [TomcatWebServer.java:92] Tomcat initialized with port(s): 8080 (http)
2020-01-15 16:53:34,161 INFO [restartedMain] o.a.c.h.Http11NioProtocol [DirectJDKLog.java:173] Initializing ProtocolHandler ["http-nio-8080"]
2020-01-15 16:53:34,162 INFO [restartedMain] o.a.c.c.StandardService [DirectJDKLog.java:173] Starting service [Tomcat]
2020-01-15 16:53:34,164 INFO [restartedMain] o.a.c.c.StandardEngine [DirectJDKLog.java:173] Starting Servlet engine: [Apache Tomcat/9.0.29]
2020-01-15 16:53:34,190 INFO [restartedMain] o.a.c.c.C.[.[.[/community] [DirectJDKLog.java:173] Initializing Spring embedded WebApplicationContext
2020-01-15 16:53:34,194 INFO [restartedMain] o.s.w.c.ContextLoader [ServletWebServerApplicationContext.java:284] Root WebApplicationContext: initialization completed in 1256 ms
2020-01-15 16:53:34,579 INFO [restartedMain] o.s.s.c.ThreadPoolTaskExecutor [ExecutorConfigurationSupport.java:171] Initializing ExecutorService 'applicationTaskExecutor'
2020-01-15 16:53:34,621 INFO [restartedMain] o.s.b.a.w.s.WelcomePageHandlerMapping [WelcomePageHandlerMapping.java:58] Adding welcome page template: index
2020-01-15 16:53:34,762 INFO [restartedMain] o.s.b.d.a.OptionalLiveReloadServer [OptionalLiveReloadServer.java:58] LiveReload server is running on port 35729
2020-01-15 16:53:34,804 INFO [restartedMain] o.a.c.h.Http11NioProtocol [DirectJDKLog.java:173] Starting ProtocolHandler ["http-nio-8080"]
2020-01-15 16:53:34,832 INFO [restartedMain] o.s.b.w.e.t.TomcatWebServer [TomcatWebServer.java:204] Tomcat started on port(s): 8080 (http) with context path '/community'
2020-01-15 16:53:34,834 INFO [restartedMain] c.n.c.CommunityApplication [StartupInfoLogger.java:61] Started CommunityApplication in 2.067 seconds (JVM running for 4296.101)
2020-01-15 16:53:34,840 INFO [restartedMain] o.s.b.d.a.ConditionEvaluationDeltaLoggingListener [ConditionEvaluationDeltaLoggingListener.java:63] Condition evaluation unchanged
2020-01-15 16:53:36,336 INFO [main] c.n.c.M.MapperTest [StartupInfoLogger.java:55] Starting MapperTest on chenhao with PID 11877 (started by chenhao in /home/chenhao/IdeaProjects/community)
2020-01-15 16:53:36,340 INFO [main] c.n.c.M.MapperTest [SpringApplication.java:651] No active profile set, falling back to default profiles: default
2020-01-15 16:53:38,928 INFO [main] o.s.s.c.ThreadPoolTaskExecutor [ExecutorConfigurationSupport.java:171] Initializing ExecutorService 'applicationTaskExecutor'
2020-01-15 16:53:39,045 INFO [main] o.s.b.a.w.s.WelcomePageHandlerMapping [WelcomePageHandlerMapping.java:58] Adding welcome page template: index
2020-01-15 16:53:39,386 INFO [main] c.n.c.M.MapperTest [StartupInfoLogger.java:61] Started MapperTest in 4.52 seconds (JVM running for 7.412)
2020-01-15 16:53:39,802 INFO [main] c.z.h.HikariDataSource [HikariDataSource.java:110] HikariPool-1 - Starting...
2020-01-15 16:53:40,007 INFO [main] c.z.h.HikariDataSource [HikariDataSource.java:123] HikariPool-1 - Start completed.
2020-01-15 16:53:40,192 INFO [SpringContextShutdownHook] o.s.s.c.ThreadPoolTaskExecutor [ExecutorConfigurationSupport.java:208] Shutting down ExecutorService 'applicationTaskExecutor'
2020-01-15 16:53:40,196 INFO [SpringContextShutdownHook] c.z.h.HikariDataSource [HikariDataSource.java:350] HikariPool-1 - Shutdown initiated...
2020-01-15 16:53:40,213 INFO [SpringContextShutdownHook] c.z.h.HikariDataSource [HikariDataSource.java:352] HikariPool-1 - Shutdown completed.
2020-01-15 16:54:58,302 INFO [Thread-8] o.s.s.c.ThreadPoolTaskExecutor [ExecutorConfigurationSupport.java:208] Shutting down ExecutorService 'applicationTaskExecutor'
2020-01-15 16:54:58,452 INFO [restartedMain] c.n.c.CommunityApplication [StartupInfoLogger.java:55] Starting CommunityApplication on chenhao with PID 8719 (/home/chenhao/IdeaProjects/community/target/classes started by chenhao in /home/chenhao/IdeaProjects/community)
2020-01-15 16:54:58,453 INFO [restartedMain] c.n.c.CommunityApplication [SpringApplication.java:651] No active profile set, falling back to default profiles: default
2020-01-15 16:54:59,047 INFO [restartedMain] o.s.b.w.e.t.TomcatWebServer [TomcatWebServer.java:92] Tomcat initialized with port(s): 8080 (http)
2020-01-15 16:54:59,048 INFO [restartedMain] o.a.c.h.Http11NioProtocol [DirectJDKLog.java:173] Initializing ProtocolHandler ["http-nio-8080"]
2020-01-15 16:54:59,049 INFO [restartedMain] o.a.c.c.StandardService [DirectJDKLog.java:173] Starting service [Tomcat]
2020-01-15 16:54:59,050 INFO [restartedMain] o.a.c.c.StandardEngine [DirectJDKLog.java:173] Starting Servlet engine: [Apache Tomcat/9.0.29]
2020-01-15 16:54:59,071 INFO [restartedMain] o.a.c.c.C.[.[.[/community] [DirectJDKLog.java:173] Initializing Spring embedded WebApplicationContext
2020-01-15 16:54:59,071 INFO [restartedMain] o.s.w.c.ContextLoader [ServletWebServerApplicationContext.java:284] Root WebApplicationContext: initialization completed in 612 ms
2020-01-15 16:54:59,381 INFO [restartedMain] o.s.s.c.ThreadPoolTaskExecutor [ExecutorConfigurationSupport.java:171] Initializing ExecutorService 'applicationTaskExecutor'
2020-01-15 16:54:59,408 INFO [restartedMain] o.s.b.a.w.s.WelcomePageHandlerMapping [WelcomePageHandlerMapping.java:58] Adding welcome page template: index
2020-01-15 16:54:59,535 INFO [restartedMain] o.s.b.d.a.OptionalLiveReloadServer [OptionalLiveReloadServer.java:58] LiveReload server is running on port 35729
2020-01-15 16:54:59,560 INFO [restartedMain] o.a.c.h.Http11NioProtocol [DirectJDKLog.java:173] Starting ProtocolHandler ["http-nio-8080"]
2020-01-15 16:54:59,578 INFO [restartedMain] o.s.b.w.e.t.TomcatWebServer [TomcatWebServer.java:204] Tomcat started on port(s): 8080 (http) with context path '/community'
2020-01-15 16:54:59,579 INFO [restartedMain] c.n.c.CommunityApplication [StartupInfoLogger.java:61] Started CommunityApplication in 1.198 seconds (JVM running for 4380.846)
2020-01-15 16:54:59,582 INFO [restartedMain] o.s.b.d.a.ConditionEvaluationDeltaLoggingListener [ConditionEvaluationDeltaLoggingListener.java:63] Condition evaluation unchanged
2020-01-15 16:55:02,309 INFO [main] c.n.c.M.MapperTest [StartupInfoLogger.java:55] Starting MapperTest on chenhao with PID 11980 (started by chenhao in /home/chenhao/IdeaProjects/community)
2020-01-15 16:55:02,317 INFO [main] c.n.c.M.MapperTest [SpringApplication.java:651] No active profile set, falling back to default profiles: default
2020-01-15 16:55:05,295 INFO [main] o.s.s.c.ThreadPoolTaskExecutor [ExecutorConfigurationSupport.java:171] Initializing ExecutorService 'applicationTaskExecutor'
2020-01-15 16:55:05,457 INFO [main] o.s.b.a.w.s.WelcomePageHandlerMapping [WelcomePageHandlerMapping.java:58] Adding welcome page template: index
2020-01-15 16:55:05,879 INFO [main] c.n.c.M.MapperTest [StartupInfoLogger.java:61] Started MapperTest in 5.049 seconds (JVM running for 7.172)
2020-01-15 16:55:06,329 INFO [main] c.z.h.HikariDataSource [HikariDataSource.java:110] HikariPool-1 - Starting...
2020-01-15 16:55:06,563 INFO [main] c.z.h.HikariDataSource [HikariDataSource.java:123] HikariPool-1 - Start completed.
2020-01-15 16:55:06,855 INFO [SpringContextShutdownHook] o.s.s.c.ThreadPoolTaskExecutor [ExecutorConfigurationSupport.java:208] Shutting down ExecutorService 'applicationTaskExecutor'
2020-01-15 16:55:06,857 INFO [SpringContextShutdownHook] c.z.h.HikariDataSource [HikariDataSource.java:350] HikariPool-1 - Shutdown initiated...
2020-01-15 16:55:06,872 INFO [SpringContextShutdownHook] c.z.h.HikariDataSource [HikariDataSource.java:352] HikariPool-1 - Shutdown completed.
2020-01-15 16:58:09,558 INFO [main] c.n.c.M.MapperTest [StartupInfoLogger.java:55] Starting MapperTest on chenhao with PID 12169 (started by chenhao in /home/chenhao/IdeaProjects/community)
2020-01-15 16:58:09,578 INFO [main] c.n.c.M.MapperTest [SpringApplication.java:651] No active profile set, falling back to default profiles: default
2020-01-15 16:58:12,901 INFO [main] o.s.s.c.ThreadPoolTaskExecutor [ExecutorConfigurationSupport.java:171] Initializing ExecutorService 'applicationTaskExecutor'
2020-01-15 16:58:13,040 INFO [main] o.s.b.a.w.s.WelcomePageHandlerMapping [WelcomePageHandlerMapping.java:58] Adding welcome page template: index
2020-01-15 16:58:13,563 INFO [main] c.n.c.M.MapperTest [StartupInfoLogger.java:61] Started MapperTest in 5.657 seconds (JVM running for 7.527)
2020-01-15 16:58:14,000 INFO [main] c.z.h.HikariDataSource [HikariDataSource.java:110] HikariPool-1 - Starting...
2020-01-15 16:58:14,271 INFO [main] c.z.h.HikariDataSource [HikariDataSource.java:123] HikariPool-1 - Start completed.
2020-01-15 16:58:14,453 INFO [SpringContextShutdownHook] o.s.s.c.ThreadPoolTaskExecutor [ExecutorConfigurationSupport.java:208] Shutting down ExecutorService 'applicationTaskExecutor'
2020-01-15 16:58:14,458 INFO [SpringContextShutdownHook] c.z.h.HikariDataSource [HikariDataSource.java:350] HikariPool-1 - Shutdown initiated...
2020-01-15 16:58:14,495 INFO [SpringContextShutdownHook] c.z.h.HikariDataSource [HikariDataSource.java:352] HikariPool-1 - Shutdown completed.
2020-01-15 16:59:28,609 INFO [main] c.n.c.M.MapperTest [StartupInfoLogger.java:55] Starting MapperTest on chenhao with PID 12311 (started by chenhao in /home/chenhao/IdeaProjects/community)
2020-01-15 16:59:28,619 INFO [main] c.n.c.M.MapperTest [SpringApplication.java:651] No active profile set, falling back to default profiles: default
2020-01-15 16:59:31,787 INFO [main] o.s.s.c.ThreadPoolTaskExecutor [ExecutorConfigurationSupport.java:171] Initializing ExecutorService 'applicationTaskExecutor'
2020-01-15 16:59:32,001 INFO [main] o.s.b.a.w.s.WelcomePageHandlerMapping [WelcomePageHandlerMapping.java:58] Adding welcome page template: index
2020-01-15 16:59:32,451 INFO [main] c.n.c.M.MapperTest [StartupInfoLogger.java:61] Started MapperTest in 5.583 seconds (JVM running for 7.634)
2020-01-15 16:59:33,052 INFO [main] c.z.h.HikariDataSource [HikariDataSource.java:110] HikariPool-1 - Starting...
2020-01-15 16:59:33,330 INFO [main] c.z.h.HikariDataSource [HikariDataSource.java:123] HikariPool-1 - Start completed.
2020-01-15 16:59:33,602 INFO [SpringContextShutdownHook] o.s.s.c.ThreadPoolTaskExecutor [ExecutorConfigurationSupport.java:208] Shutting down ExecutorService 'applicationTaskExecutor'
2020-01-15 16:59:33,605 INFO [SpringContextShutdownHook] c.z.h.HikariDataSource [HikariDataSource.java:350] HikariPool-1 - Shutdown initiated...
2020-01-15 16:59:33,620 INFO [SpringContextShutdownHook] c.z.h.HikariDataSource [HikariDataSource.java:352] HikariPool-1 - Shutdown completed.
